# JRE version: OpenJDK Runtime Environment Temurin-21.0.11+10 (21.0.11+10) (build 21.0.11+10-LTS)
# Java VM: OpenJDK 64-Bit Server VM Temurin-21.0.11+10 (21.0.11+10-LTS, mixed mode, sharing, tiered, compressed oops, compressed class ptrs, parallel gc, windows-amd64)
GC Precious Log:
 CardTable entry size: 512
 CPUs: 12 total, 12 available
 Memory: 16107M
 Large Page Support: Disabled
 NUMA Support: Disabled
 Compressed Oops: Enabled (32-bit)
 Alignments: Space 512K, Generation 512K, Heap 2M
 Heap Min Capacity: 100M
 Heap Initial Capacity: 100M
 Heap Max Capacity: 2G
 Pre-touch: Disabled
 Parallel Workers: 10
Heap:
 PSYoungGen      total 4096K, used 841K [0x00000000d5580000, 0x00000000d5c80000, 0x0000000100000000)
  eden space 3584K, 14% used [0x00000000d5580000,0x00000000d5604c68,0x00000000d5900000)
  from space 512K, 60% used [0x00000000d5c00000,0x00000000d5c4d810,0x00000000d5c80000)
  to   space 1024K, 0% used [0x00000000d5a80000,0x00000000d5a80000,0x00000000d5b80000)
 ParOldGen       total 653312K, used 563111K [0x0000000080000000, 0x00000000a7e00000, 0x00000000d5580000)
  object space 653312K, 86% used [0x0000000080000000,0x00000000a25e9f18,0x00000000a7e00000)
 Metaspace       used 82981K, committed 84800K, reserved 1179648K
  class space    used 8272K, committed 9152K, reserved 1048576K
GC Heap History (20 events):
Event: 1434.959 GC heap before
{Heap before GC invocations=1993 (full 4):
 PSYoungGen      total 2048K, used 2032K [0x00000000d5580000, 0x00000000d5e00000, 0x0000000100000000)
  eden space 1024K, 100% used [0x00000000d5580000,0x00000000d5680000,0x00000000d5680000)
  from space 1024K, 98% used [0x00000000d5980000,0x00000000d5a7c000,0x00000000d5a80000)
  to   space 3072K, 0% used [0x00000000d5680000,0x00000000d5680000,0x00000000d5980000)
 ParOldGen       total 653312K, used 549970K [0x0000000080000000, 0x00000000a7e00000, 0x00000000d5580000)
  object space 653312K, 84% used [0x0000000080000000,0x00000000a1914b70,0x00000000a7e00000)
 Metaspace       used 82858K, committed 84736K, reserved 1179648K
  class space    used 8263K, committed 9152K, reserved 1048576K
}
Event: 1434.963 GC heap after
{Heap after GC invocations=1993 (full 4):
 PSYoungGen      total 2048K, used 992K [0x00000000d5580000, 0x00000000d5a00000, 0x0000000100000000)
  eden space 1024K, 0% used [0x00000000d5580000,0x00000000d5580000,0x00000000d5680000)
  from space 1024K, 96% used [0x00000000d5680000,0x00000000d5778010,0x00000000d5780000)
  to   space 1536K, 0% used [0x00000000d5880000,0x00000000d5880000,0x00000000d5a00000)
 ParOldGen       total 653312K, used 550986K [0x0000000080000000, 0x00000000a7e00000, 0x00000000d5580000)
  object space 653312K, 84% used [0x0000000080000000,0x00000000a1a12b70,0x00000000a7e00000)
 Metaspace       used 82858K, committed 84736K, reserved 1179648K
  class space    used 8263K, committed 9152K, reserved 1048576K
}
Event: 1434.964 GC heap before
{Heap before GC invocations=1994 (full 4):
 PSYoungGen      total 2048K, used 2016K [0x00000000d5580000, 0x00000000d5a00000, 0x0000000100000000)
  eden space 1024K, 100% used [0x00000000d5580000,0x00000000d5680000,0x00000000d5680000)
  from space 1024K, 96% used [0x00000000d5680000,0x00000000d5778010,0x00000000d5780000)
  to   space 1536K, 0% used [0x00000000d5880000,0x00000000d5880000,0x00000000d5a00000)
 ParOldGen       total 653312K, used 550986K [0x0000000080000000, 0x00000000a7e00000, 0x00000000d5580000)
  object space 653312K, 84% used [0x0000000080000000,0x00000000a1a12b70,0x00000000a7e00000)
 Metaspace       used 82863K, committed 84736K, reserved 1179648K
  class space    used 8264K, committed 9152K, reserved 1048576K
}
Event: 1434.966 GC heap after
{Heap after GC invocations=1994 (full 4):
 PSYoungGen      total 3072K, used 1088K [0x00000000d5580000, 0x00000000d5a00000, 0x0000000100000000)
  eden space 1536K, 0% used [0x00000000d5580000,0x00000000d5580000,0x00000000d5700000)
  from space 1536K, 70% used [0x00000000d5880000,0x00000000d5990010,0x00000000d5a00000)
  to   space 1536K, 0% used [0x00000000d5700000,0x00000000d5700000,0x00000000d5880000)
 ParOldGen       total 653312K, used 551834K [0x0000000080000000, 0x00000000a7e00000, 0x00000000d5580000)
  object space 653312K, 84% used [0x0000000080000000,0x00000000a1ae6b70,0x00000000a7e00000)
 Metaspace       used 82863K, committed 84736K, reserved 1179648K
  class space    used 8264K, committed 9152K, reserved 1048576K
}
Event: 1434.969 GC heap before
{Heap before GC invocations=1995 (full 4):
 PSYoungGen      total 3072K, used 2446K [0x00000000d5580000, 0x00000000d5a00000, 0x0000000100000000)
  eden space 1536K, 88% used [0x00000000d5580000,0x00000000d56d3aa8,0x00000000d5700000)
  from space 1536K, 70% used [0x00000000d5880000,0x00000000d5990010,0x00000000d5a00000)
  to   space 1536K, 0% used [0x00000000d5700000,0x00000000d5700000,0x00000000d5880000)
 ParOldGen       total 653312K, used 551834K [0x0000000080000000, 0x00000000a7e00000, 0x00000000d5580000)
  object space 653312K, 84% used [0x0000000080000000,0x00000000a1ae6b70,0x00000000a7e00000)
 Metaspace       used 82863K, committed 84736K, reserved 1179648K
  class space    used 8264K, committed 9152K, reserved 1048576K
}
Event: 1434.971 GC heap after
{Heap after GC invocations=1995 (full 4):
 PSYoungGen      total 3072K, used 1472K [0x00000000d5580000, 0x00000000d5b80000, 0x0000000100000000)
  eden space 1536K, 0% used [0x00000000d5580000,0x00000000d5580000,0x00000000d5700000)
  from space 1536K, 95% used [0x00000000d5700000,0x00000000d5870010,0x00000000d5880000)
  to   space 2048K, 0% used [0x00000000d5980000,0x00000000d5980000,0x00000000d5b80000)
 ParOldGen       total 653312K, used 552770K [0x0000000080000000, 0x00000000a7e00000, 0x00000000d5580000)
  object space 653312K, 84% used [0x0000000080000000,0x00000000a1bd0b70,0x00000000a7e00000)
 Metaspace       used 82863K, committed 84736K, reserved 1179648K
  class space    used 8264K, committed 9152K, reserved 1048576K
}
Event: 1434.974 GC heap before
{Heap before GC invocations=1996 (full 4):
 PSYoungGen      total 3072K, used 3008K [0x00000000d5580000, 0x00000000d5b80000, 0x0000000100000000)
  eden space 1536K, 100% used [0x00000000d5580000,0x00000000d5700000,0x00000000d5700000)
  from space 1536K, 95% used [0x00000000d5700000,0x00000000d5870010,0x00000000d5880000)
  to   space 2048K, 0% used [0x00000000d5980000,0x00000000d5980000,0x00000000d5b80000)
 ParOldGen       total 653312K, used 552770K [0x0000000080000000, 0x00000000a7e00000, 0x00000000d5580000)
  object space 653312K, 84% used [0x0000000080000000,0x00000000a1bd0b70,0x00000000a7e00000)
 Metaspace       used 82871K, committed 84736K, reserved 1179648K
  class space    used 8265K, committed 9152K, reserved 1048576K
}
Event: 1434.978 GC heap after
{Heap after GC invocations=1996 (full 4):
 PSYoungGen      total 4096K, used 1590K [0x00000000d5580000, 0x00000000d5b80000, 0x0000000100000000)
  eden space 2048K, 0% used [0x00000000d5580000,0x00000000d5580000,0x00000000d5780000)
  from space 2048K, 77% used [0x00000000d5980000,0x00000000d5b0db88,0x00000000d5b80000)
  to   space 2048K, 0% used [0x00000000d5780000,0x00000000d5780000,0x00000000d5980000)
 ParOldGen       total 653312K, used 554074K [0x0000000080000000, 0x00000000a7e00000, 0x00000000d5580000)
  object space 653312K, 84% used [0x0000000080000000,0x00000000a1d16b70,0x00000000a7e00000)
 Metaspace       used 82871K, committed 84736K, reserved 1179648K
  class space    used 8265K, committed 9152K, reserved 1048576K
}
Event: 1434.986 GC heap before
{Heap before GC invocations=1997 (full 4):
 PSYoungGen      total 4096K, used 3638K [0x00000000d5580000, 0x00000000d5b80000, 0x0000000100000000)
  eden space 2048K, 100% used [0x00000000d5580000,0x00000000d5780000,0x00000000d5780000)
  from space 2048K, 77% used [0x00000000d5980000,0x00000000d5b0db88,0x00000000d5b80000)
  to   space 2048K, 0% used [0x00000000d5780000,0x00000000d5780000,0x00000000d5980000)
 ParOldGen       total 653312K, used 554074K [0x0000000080000000, 0x00000000a7e00000, 0x00000000d5580000)
  object space 653312K, 84% used [0x0000000080000000,0x00000000a1d16b70,0x00000000a7e00000)
 Metaspace       used 82894K, committed 84800K, reserved 1179648K
  class space    used 8268K, committed 9152K, reserved 1048576K
}
Event: 1434.989 GC heap after
{Heap after GC invocations=1997 (full 4):
 PSYoungGen      total 4096K, used 1760K [0x00000000d5580000, 0x00000000d5c00000, 0x0000000100000000)
  eden space 2048K, 0% used [0x00000000d5580000,0x00000000d5580000,0x00000000d5780000)
  from space 2048K, 85% used [0x00000000d5780000,0x00000000d5938010,0x00000000d5980000)
  to   space 2048K, 0% used [0x00000000d5a00000,0x00000000d5a00000,0x00000000d5c00000)
 ParOldGen       total 653312K, used 555481K [0x0000000080000000, 0x00000000a7e00000, 0x00000000d5580000)
  object space 653312K, 85% used [0x0000000080000000,0x00000000a1e766e8,0x00000000a7e00000)
 Metaspace       used 82894K, committed 84800K, reserved 1179648K
  class space    used 8268K, committed 9152K, reserved 1048576K
}
Event: 1434.995 GC heap before
{Heap before GC invocations=1998 (full 4):
 PSYoungGen      total 4096K, used 3808K [0x00000000d5580000, 0x00000000d5c00000, 0x0000000100000000)
  eden space 2048K, 100% used [0x00000000d5580000,0x00000000d5780000,0x00000000d5780000)
  from space 2048K, 85% used [0x00000000d5780000,0x00000000d5938010,0x00000000d5980000)
  to   space 2048K, 0% used [0x00000000d5a00000,0x00000000d5a00000,0x00000000d5c00000)
 ParOldGen       total 653312K, used 555481K [0x0000000080000000, 0x00000000a7e00000, 0x00000000d5580000)
  object space 653312K, 85% used [0x0000000080000000,0x00000000a1e766e8,0x00000000a7e00000)
 Metaspace       used 82911K, committed 84800K, reserved 1179648K
  class space    used 8269K, committed 9152K, reserved 1048576K
}
Event: 1434.998 GC heap after
{Heap after GC invocations=1998 (full 4):
 PSYoungGen      total 4608K, used 1984K [0x00000000d5580000, 0x00000000d5c00000, 0x0000000100000000)
  eden space 2560K, 0% used [0x00000000d5580000,0x00000000d5580000,0x00000000d5800000)
  from space 2048K, 96% used [0x00000000d5a00000,0x00000000d5bf0000,0x00000000d5c00000)
  to   space 2048K, 0% used [0x00000000d5800000,0x00000000d5800000,0x00000000d5a00000)
 ParOldGen       total 653312K, used 557097K [0x0000000080000000, 0x00000000a7e00000, 0x00000000d5580000)
  object space 653312K, 85% used [0x0000000080000000,0x00000000a200a6e8,0x00000000a7e00000)
 Metaspace       used 82911K, committed 84800K, reserved 1179648K
  class space    used 8269K, committed 9152K, reserved 1048576K
}
Event: 1435.012 GC heap before
{Heap before GC invocations=1999 (full 4):
 PSYoungGen      total 4608K, used 4473K [0x00000000d5580000, 0x00000000d5c00000, 0x0000000100000000)
  eden space 2560K, 97% used [0x00000000d5580000,0x00000000d57ee4b8,0x00000000d5800000)
  from space 2048K, 96% used [0x00000000d5a00000,0x00000000d5bf0000,0x00000000d5c00000)
  to   space 2048K, 0% used [0x00000000d5800000,0x00000000d5800000,0x00000000d5a00000)
 ParOldGen       total 653312K, used 557097K [0x0000000080000000, 0x00000000a7e00000, 0x00000000d5580000)
  object space 653312K, 85% used [0x0000000080000000,0x00000000a200a6e8,0x00000000a7e00000)
 Metaspace       used 82912K, committed 84800K, reserved 1179648K
  class space    used 8269K, committed 9152K, reserved 1048576K
}
Event: 1435.016 GC heap after
{Heap after GC invocations=1999 (full 4):
 PSYoungGen      total 4608K, used 2048K [0x00000000d5580000, 0x00000000d6180000, 0x0000000100000000)
  eden space 2560K, 0% used [0x00000000d5580000,0x00000000d5580000,0x00000000d5800000)
  from space 2048K, 100% used [0x00000000d5800000,0x00000000d5a00000,0x00000000d5a00000)
  to   space 4608K, 0% used [0x00000000d5d00000,0x00000000d5d00000,0x00000000d6180000)
 ParOldGen       total 653312K, used 559041K [0x0000000080000000, 0x00000000a7e00000, 0x00000000d5580000)
  object space 653312K, 85% used [0x0000000080000000,0x00000000a21f06e8,0x00000000a7e00000)
 Metaspace       used 82912K, committed 84800K, reserved 1179648K
  class space    used 8269K, committed 9152K, reserved 1048576K
}
Event: 1435.038 GC heap before
{Heap before GC invocations=2000 (full 4):
 PSYoungGen      total 4608K, used 4607K [0x00000000d5580000, 0x00000000d6180000, 0x0000000100000000)
  eden space 2560K, 99% used [0x00000000d5580000,0x00000000d57fffe8,0x00000000d5800000)
  from space 2048K, 100% used [0x00000000d5800000,0x00000000d5a00000,0x00000000d5a00000)
  to   space 4608K, 0% used [0x00000000d5d00000,0x00000000d5d00000,0x00000000d6180000)
 ParOldGen       total 653312K, used 559041K [0x0000000080000000, 0x00000000a7e00000, 0x00000000d5580000)
  object space 653312K, 85% used [0x0000000080000000,0x00000000a21f06e8,0x00000000a7e00000)
 Metaspace       used 82931K, committed 84800K, reserved 1179648K
  class space    used 8272K, committed 9152K, reserved 1048576K
}
Event: 1435.042 GC heap after
{Heap after GC invocations=2000 (full 4):
 PSYoungGen      total 5120K, used 1792K [0x00000000d5580000, 0x00000000d5f00000, 0x0000000100000000)
  eden space 3072K, 0% used [0x00000000d5580000,0x00000000d5580000,0x00000000d5880000)
  from space 2048K, 87% used [0x00000000d5d00000,0x00000000d5ec0000,0x00000000d5f00000)
  to   space 3072K, 0% used [0x00000000d5900000,0x00000000d5900000,0x00000000d5c00000)
 ParOldGen       total 653312K, used 560857K [0x0000000080000000, 0x00000000a7e00000, 0x00000000d5580000)
  object space 653312K, 85% used [0x0000000080000000,0x00000000a23b66e8,0x00000000a7e00000)
 Metaspace       used 82931K, committed 84800K, reserved 1179648K
  class space    used 8272K, committed 9152K, reserved 1048576K
}
Event: 1435.104 GC heap before
{Heap before GC invocations=2001 (full 4):
 PSYoungGen      total 5120K, used 4864K [0x00000000d5580000, 0x00000000d5f00000, 0x0000000100000000)
  eden space 3072K, 100% used [0x00000000d5580000,0x00000000d5880000,0x00000000d5880000)
  from space 2048K, 87% used [0x00000000d5d00000,0x00000000d5ec0000,0x00000000d5f00000)
  to   space 3072K, 0% used [0x00000000d5900000,0x00000000d5900000,0x00000000d5c00000)
 ParOldGen       total 653312K, used 560857K [0x0000000080000000, 0x00000000a7e00000, 0x00000000d5580000)
  object space 653312K, 85% used [0x0000000080000000,0x00000000a23b66e8,0x00000000a7e00000)
 Metaspace       used 82936K, committed 84800K, reserved 1179648K
  class space    used 8272K, committed 9152K, reserved 1048576K
}
Event: 1435.108 GC heap after
{Heap after GC invocations=2001 (full 4):
 PSYoungGen      total 6656K, used 1024K [0x00000000d5580000, 0x00000000d5d80000, 0x0000000100000000)
  eden space 3584K, 0% used [0x00000000d5580000,0x00000000d5580000,0x00000000d5900000)
  from space 3072K, 33% used [0x00000000d5900000,0x00000000d5a00000,0x00000000d5c00000)
  to   space 1536K, 0% used [0x00000000d5c00000,0x00000000d5c00000,0x00000000d5d80000)
 ParOldGen       total 653312K, used 562225K [0x0000000080000000, 0x00000000a7e00000, 0x00000000d5580000)
  object space 653312K, 86% used [0x0000000080000000,0x00000000a250c6e8,0x00000000a7e00000)
 Metaspace       used 82936K, committed 84800K, reserved 1179648K
  class space    used 8272K, committed 9152K, reserved 1048576K
}
Event: 2012.885 GC heap before
{Heap before GC invocations=2002 (full 4):
 PSYoungGen      total 6656K, used 4589K [0x00000000d5580000, 0x00000000d5d80000, 0x0000000100000000)
  eden space 3584K, 99% used [0x00000000d5580000,0x00000000d58fb430,0x00000000d5900000)
  from space 3072K, 33% used [0x00000000d5900000,0x00000000d5a00000,0x00000000d5c00000)
  to   space 1536K, 0% used [0x00000000d5c00000,0x00000000d5c00000,0x00000000d5d80000)
 ParOldGen       total 653312K, used 562225K [0x0000000080000000, 0x00000000a7e00000, 0x00000000d5580000)
  object space 653312K, 86% used [0x0000000080000000,0x00000000a250c6e8,0x00000000a7e00000)
 Metaspace       used 82965K, committed 84800K, reserved 1179648K
  class space    used 8272K, committed 9152K, reserved 1048576K
}
Event: 2012.892 GC heap after
{Heap after GC invocations=2002 (full 4):
 PSYoungGen      total 4096K, used 310K [0x00000000d5580000, 0x00000000d5c80000, 0x0000000100000000)
  eden space 3584K, 0% used [0x00000000d5580000,0x00000000d5580000,0x00000000d5900000)
  from space 512K, 60% used [0x00000000d5c00000,0x00000000d5c4d810,0x00000000d5c80000)
  to   space 1024K, 0% used [0x00000000d5a80000,0x00000000d5a80000,0x00000000d5b80000)
 ParOldGen       total 653312K, used 563111K [0x0000000080000000, 0x00000000a7e00000, 0x00000000d5580000)
  object space 653312K, 86% used [0x0000000080000000,0x00000000a25e9f18,0x00000000a7e00000)
 Metaspace       used 82965K, committed 84800K, reserved 1179648K
  class space    used 8272K, committed 9152K, reserved 1048576K
}

